<?xml version="1.0" encoding="UTF-8"?>
<!-- Generated by org.testng.reporters.JUnitReportReporter -->
<testsuite hostname="Gurbirsingh-QA" failures="0" tests="1" name="TestScript.IssueReportTest" time="33.301" errors="0" timestamp="2025-10-28T10:29:22 IST" skipped="0">
  <testcase classname="TestScript.IssueReportTest" name="fillIssueReportForm" time="33.301"/>
</testsuite> <!-- TestScript.IssueReportTest -->
