<?xml version="1.0" encoding="UTF-8"?>
<!-- Generated by org.testng.reporters.JUnitReportReporter -->
<testsuite hostname="Gurbirsingh-QA" failures="0" tests="1" name="TestScript.TestClient" time="31.368" errors="0" timestamp="2025-09-24T14:07:52 IST" skipped="0">
  <testcase classname="TestScript.TestClient" name="ClientAdd" time="31.368"/>
</testsuite> <!-- TestScript.TestClient -->
