<?xml version="1.0" encoding="UTF-8"?>
<!-- Generated by org.testng.reporters.JUnitReportReporter -->
<testsuite hostname="Gurbirsingh-QA" failures="0" tests="1" name="TestScript.TestEstimator" time="33.326" errors="0" timestamp="2025-09-24T14:22:35 IST" skipped="0">
  <testcase classname="TestScript.TestEstimator" name="testAddEstimator" time="33.326"/>
</testsuite> <!-- TestScript.TestEstimator -->
