<?xml version="1.0" encoding="UTF-8"?>
<!-- Generated by org.testng.reporters.JUnitReportReporter -->
<testsuite hostname="Gurbirsingh-QA" failures="0" tests="1" name="TestScript.TestClient" time="30.901" errors="0" timestamp="2025-10-07T12:27:12 IST" skipped="0">
  <testcase classname="TestScript.TestClient" name="ClientAdd" time="30.901"/>
</testsuite> <!-- TestScript.TestClient -->
