<?xml version="1.0" encoding="UTF-8"?>
<!-- Generated by org.testng.reporters.JUnitReportReporter -->
<testsuite hostname="Gurbirsingh-QA" failures="0" tests="1" name="TestScript.TestLogin" time="0.295" errors="0" timestamp="2025-10-28T10:41:24 IST" skipped="0">
  <testcase classname="TestScript.TestLogin" name="testValidLogin" time="0.295"/>
</testsuite> <!-- TestScript.TestLogin -->
