<?xml version="1.0" encoding="UTF-8"?>
<!-- Generated by org.testng.reporters.JUnitReportReporter -->
<testsuite hostname="Gurbirsingh-QA" failures="0" tests="1" name="TestScript.TestFixUpReport" time="27.616" errors="0" timestamp="2025-10-24T11:31:21 IST" skipped="0">
  <testcase classname="TestScript.TestFixUpReport" name="FixupAnylysis" time="27.616"/>
</testsuite> <!-- TestScript.TestFixUpReport -->
