<?xml version="1.0" encoding="UTF-8"?>
<!-- Generated by org.testng.reporters.JUnitReportReporter -->
<testsuite hostname="Gurbirsingh-QA" failures="0" tests="1" name="TestScript.TestDeliveryReport" time="5.790" errors="0" timestamp="2025-10-27T12:03:33 IST" skipped="0">
  <testcase classname="TestScript.TestDeliveryReport" name="createDelreport" time="5.790"/>
</testsuite> <!-- TestScript.TestDeliveryReport -->
