<?xml version="1.0" encoding="UTF-8"?>
<!-- Generated by org.testng.reporters.JUnitReportReporter -->
<testsuite hostname="Gurbirsingh-QA" failures="0" tests="1" name="TestScript.TestEstimator" time="33.973" errors="0" timestamp="2025-09-09T12:14:21 IST" skipped="0">
  <testcase classname="TestScript.TestEstimator" name="testAddEstimator" time="33.973"/>
</testsuite> <!-- TestScript.TestEstimator -->
