<?xml version="1.0" encoding="UTF-8"?>
<!-- Generated by org.testng.reporters.JUnitReportReporter -->
<testsuite hostname="Gurbirsingh-QA" failures="0" tests="1" name="TestScript.TestGenerateReport" time="4.959" errors="0" timestamp="2025-10-27T12:33:39 IST" skipped="0">
  <testcase classname="TestScript.TestGenerateReport" name="Report" time="4.959"/>
</testsuite> <!-- TestScript.TestGenerateReport -->
