<?xml version="1.0" encoding="UTF-8"?>
<!-- Generated by org.testng.reporters.JUnitReportReporter -->
<testsuite hostname="Gurbirsingh-QA" failures="0" tests="1" name="TestScript.TestEstimatorLeave" time="26.412" errors="0" timestamp="2025-09-06T17:40:52 IST" skipped="0">
  <testcase classname="TestScript.TestEstimatorLeave" name="testValidLogin" time="26.412"/>
</testsuite> <!-- TestScript.TestEstimatorLeave -->
