<?xml version="1.0" encoding="UTF-8"?>
<!-- Generated by org.testng.reporters.JUnitReportReporter -->
<testsuite hostname="Gurbirsingh-QA" failures="0" tests="1" name="TestScript.TestLogin" time="20.227" errors="0" timestamp="2025-10-07T12:11:40 IST" skipped="0">
  <testcase classname="TestScript.TestLogin" name="testValidLogin" time="20.227"/>
</testsuite> <!-- TestScript.TestLogin -->
