<?xml version="1.0" encoding="UTF-8"?>
<!-- Generated by org.testng.reporters.JUnitReportReporter -->
<testsuite hostname="Gurbirsingh-QA" failures="0" tests="1" name="TestScript.TestClient" time="30.177" errors="0" timestamp="2025-09-16T10:29:53 IST" skipped="0">
  <testcase classname="TestScript.TestClient" name="ClientAdd" time="30.177"/>
</testsuite> <!-- TestScript.TestClient -->
