<?xml version="1.0" encoding="UTF-8"?>
<!-- Generated by org.testng.reporters.JUnitReportReporter -->
<testsuite hostname="Gurbirsingh-QA" failures="0" tests="1" name="TestScript.TestScheduleAppointment" time="25.934" errors="0" timestamp="2025-09-16T12:20:39 IST" skipped="0">
  <testcase classname="TestScript.TestScheduleAppointment" name="testScheduleAppointment" time="25.934"/>
</testsuite> <!-- TestScript.TestScheduleAppointment -->
