<?xml version="1.0" encoding="UTF-8"?>
<!-- Generated by org.testng.reporters.JUnitReportReporter -->
<testsuite hostname="Gurbirsingh-QA" failures="0" tests="1" name="TestScript.TestEstimatorLeave" time="5.341" errors="0" timestamp="2025-10-24T10:41:24 IST" skipped="0">
  <testcase classname="TestScript.TestEstimatorLeave" name="testValidLogin" time="5.341"/>
</testsuite> <!-- TestScript.TestEstimatorLeave -->
